<?xml version="1.0" encoding="UTF-8"?>
<testng-results ignored="0" total="1" passed="1" failed="0" skipped="0">
  <reporter-output>
  </reporter-output>
  <suite started-at="2025-07-10T14:09:10 IST" name="Suite" finished-at="2025-07-10T14:09:13 IST" duration-ms="2673">
    <groups>
    </groups>
    <test started-at="2025-07-10T14:09:10 IST" name="Test" finished-at="2025-07-10T14:09:13 IST" duration-ms="2673">
      <class name="com.test.demotest.TestDemoScript01">
        <test-method is-config="true" signature="Setup()[pri:0, instance:com.test.demotest.TestDemoScript01@776aec5c]" started-at="2025-07-10T14:09:10 IST" name="Setup" finished-at="2025-07-10T14:09:12 IST" duration-ms="2201" status="PASS">
          <reporter-output>
          </reporter-output>
        </test-method> <!-- Setup -->
        <test-method signature="TestScript()[pri:0, instance:com.test.demotest.TestDemoScript01@776aec5c]" started-at="2025-07-10T14:09:12 IST" name="TestScript" finished-at="2025-07-10T14:09:13 IST" duration-ms="260" status="PASS">
          <reporter-output>
          </reporter-output>
        </test-method> <!-- TestScript -->
        <test-method is-config="true" signature="TearDown()[pri:0, instance:com.test.demotest.TestDemoScript01@776aec5c]" started-at="2025-07-10T14:09:13 IST" name="TearDown" finished-at="2025-07-10T14:09:13 IST" duration-ms="185" status="PASS">
          <reporter-output>
          </reporter-output>
        </test-method> <!-- TearDown -->
      </class> <!-- com.test.demotest.TestDemoScript01 -->
    </test> <!-- Test -->
  </suite> <!-- Suite -->
</testng-results>
